#
# A fatal error has been detected by the Java Runtime Environment:
#
#  SIGILL (0x4) at pc=0x00007fff8d1362ea, pid=17444, tid=54023
#
# JRE version: Java(TM) SE Runtime Environment (8.0_45-b14) (build 1.8.0_45-b14)
# Java VM: Java HotSpot(TM) 64-Bit Server VM (25.45-b02 mixed mode bsd-amd64 compressed oops)
# Problematic frame:
# C  [libobjc.A.dylib+0x122ea]  _ZL10_objc_trapv+0x0
#
# Failed to write core dump. Core dumps have been disabled. To enable core dumping, try "ulimit -c unlimited" before starting Java again
#
# If you would like to submit a bug report, please visit:
#   http://bugreport.java.com/bugreport/crash.jsp
# The crash happened outside the Java Virtual Machine in native code.
# See problematic frame for where to report the bug.
#

---------------  T H R E A D  ---------------

Current thread (0x00007fc4baaab800):  JavaThread "AWT-EventQueue-0" [_thread_in_native, id=54023, stack(0x0000000124a9c000,0x0000000124b9c000)]

siginfo: si_signo: 4 (SIGILL), si_code: 1 (ILL_ILLOPC), si_addr: 0x00007fff8d1362ea

Registers:
RAX=0x0000000000000000, RBX=0x00007fc4bcfd0950, RCX=0x0000000000000000, RDX=0x00007fff7be541e0
RSP=0x0000000124b947e8, RBP=0x0000000124b948d0, RSI=0x0000010000000100, RDI=0x0000000000000103
R8 =0x0000000124b94790, R9 =0x00000000ffffe000, R10=0x000000000000001b, R11=0x0000000000220fc0
R12=0x00007fff7ce84070, R13=0x00007fff7be5de80, R14=0x00007fff7be5e728, R15=0x00007fc4bced4ff8
RIP=0x00007fff8d1362ea, EFLAGS=0x0000000000010202, ERR=0x0000000000000000
  TRAPNO=0x0000000000000006

Top of Stack: (sp=0x0000000124b947e8)
0x0000000124b947e8:   00007fff8d13642a 00007fff7c81e258
0x0000000124b947f8:   00007fc4bcfd0950 00007fff9638936f
0x0000000124b94808:   00007fff9638936f 0000000000000054
0x0000000124b94818:   00007fc4bcfd0950 4026000000000000
0x0000000124b94828:   0000000000000000 0000000124b94890
0x0000000124b94838:   00007fff8d139da1 00007fff7be5e710
0x0000000124b94848:   00007fff7ce84070 0000000124b948b0
0x0000000124b94858:   00007fc4bced4ff8 0000000124b94890
0x0000000124b94868:   00007fff9638936f 00007fff9638936f
0x0000000124b94878:   0000000000000000 00007fff7d4cc2c8
0x0000000124b94888:   00007fc4bced4ff8 0000000124b948d0
0x0000000124b94898:   00007fff8d13b5ad 00007fc4bcdafa50
0x0000000124b948a8:   00007fc4bcdaf910 0000003000000018
0x0000000124b948b8:   0000000124b948e0 0000000124b947f0
0x0000000124b948c8:   00007fc4bced4ff8 0000000124b94940
0x0000000124b948d8:   00007fff8d12dc87 4026000000000000
0x0000000124b948e8:   4040000000000000 0000000000000000
0x0000000124b948f8:   0000000000000025 0000000124b94940
0x0000000124b94908:   00007fff8ffcfdd2 7d008ad48813c3a5
0x0000000124b94918:   00007fff7be5de80 0000000000000000
0x0000000124b94928:   00007fff7be5de80 00007fc4bced4ff8
0x0000000124b94938:   00007fff7be5e700 0000000124b949a0
0x0000000124b94948:   00007fff8d12dac7 0000000000000890
0x0000000124b94958:   00007fc4bcfd0950 0000000000000880
0x0000000124b94968:   00007fc4bced4ff8 0000000000000000
0x0000000124b94978:   0000000000000000 0000000000000000
0x0000000124b94988:   000000200000001e 00007fc4bcfd0950
0x0000000124b94998:   00007fc4bced4fc0 0000000124b94a80
0x0000000124b949a8:   00007fff9632083a 0000000000001002
0x0000000124b949b8:   000000010092ae00 4026000000000000
0x0000000124b949c8:   00007fff9137264c 000000001b28b648
0x0000000124b949d8:   0000000100926000 0000000000000001 

Instructions: (pc=0x00007fff8d1362ea)
0x00007fff8d1362ca:   c0 44 89 f2 e8 1f 08 01 00 48 8b 7d e0 e8 30 cc
0x00007fff8d1362da:   ff ff 48 8b 7d e0 e8 d3 15 ff ff e8 00 00 00 00
0x00007fff8d1362ea:   0f 0b 55 48 89 e5 48 81 ec d0 00 00 00 84 c0 74
0x00007fff8d1362fa:   26 0f 29 85 60 ff ff ff 0f 29 8d 70 ff ff ff 0f 

Register to memory mapping:

RAX=0x0000000000000000 is an unknown value
RBX=0x00007fc4bcfd0950 is an unknown value
RCX=0x0000000000000000 is an unknown value
RDX=0x00007fff7be541e0: _ZZL14_objc_crashlogPKcE13crashlog_lock+0x20 in /usr/lib/libobjc.A.dylib at 0x00007fff8d124000
RSP=0x0000000124b947e8 is pointing into the stack for thread: 0x00007fc4baaab800
RBP=0x0000000124b948d0 is pointing into the stack for thread: 0x00007fc4baaab800
RSI=0x0000010000000100 is an unknown value
RDI=0x0000000000000103 is an unknown value
R8 =0x0000000124b94790 is pointing into the stack for thread: 0x00007fc4baaab800
R9 =0x00000000ffffe000 is an unknown value
R10=0x000000000000001b is an unknown value
R11=0x0000000000220fc0 is an unknown value
R12=0x00007fff7ce84070: __stack_chk_guard+0 in /usr/lib/system/libsystem_c.dylib at 0x00007fff94456000
R13=0x00007fff7be5de80: _ZN12_GLOBAL__N_19SideTable9table_bufE+0 in /usr/lib/libobjc.A.dylib at 0x00007fff8d124000
R14=0x00007fff7be5e728: _ZN12_GLOBAL__N_19SideTable9table_bufE+0x8a8 in /usr/lib/libobjc.A.dylib at 0x00007fff8d124000
R15=0x00007fc4bced4ff8 is an unknown value


Stack: [0x0000000124a9c000,0x0000000124b9c000],  sp=0x0000000124b947e8,  free space=993k
Native frames: (J=compiled Java code, j=interpreted, Vv=VM code, C=native code)
C  [libobjc.A.dylib+0x122ea]  _ZL10_objc_trapv+0x0
C  [libobjc.A.dylib+0x9c87]  class_getMethodImplementation+0x0
C  [libobjc.A.dylib+0x9ac7]  objc_storeWeak+0xe9
C  [CoreUI+0xb683a]  csiCompressImageProviderCopyImageBlockSetWithOptions+0x3f0
C  [CoreGraphics+0x36e98]  img_blocks_create+0x23e
C  [CoreGraphics+0x25992]  img_data_lock+0x819
C  [CoreGraphics+0x241f6]  CGSImageDataLock+0x97
C  [libRIP.A.dylib+0xda02]  ripc_AcquireImage+0x38a
C  [libRIP.A.dylib+0x16e67]  ripc_DrawImages+0x1be5
C  [CoreGraphics+0x6e5c7]  CGContextDrawImages+0xd2
C  [CoreUI+0x99667]  DrawThreePartImageWithOperation+0xa00
C  [CoreUI+0x98c58]  DrawThreePartElementFromRenditionWithOperation+0xe9
C  [CoreUI+0xa0ac8]  -[CUIThemeFacet _drawSpecificRenditionKey:rendition:inFrame:context:alpha:operation:isFocused:isFlipped:]+0x11f
C  [CoreUI+0xa08bb]  -[CUIThemeFacet _drawSpecificRenditionKey:inFrame:context:isFocused:isFlipped:]+0xa3
C  [CoreUI+0x9ec98]  -[CUIThemeFacet drawInFrame:isFocused:context:]+0x89
C  [CoreUI+0x36c66]  _ZN20CUICoreThemeRenderer14DrawPushButtonEPK13CUIDescriptor+0x15c
C  [CoreUI+0x35f2b]  _ZN20CUICoreThemeRenderer4DrawEPK13CUIDescriptor17CGAffineTransformR13CUIReturnInfo+0x217
C  [CoreUI+0x9391]  _ZN11CUIRenderer4DrawE6CGRectP9CGContextPK14__CFDictionaryPS5_+0x8e3
C  [CoreUI+0x45d6e]  CUIDraw+0xd9
C  [JavaRuntimeSupport+0x3cec]  -[_JRSYosemiteAndLaterRenderer draw:inContext:withBounds:]+0x144
C  [JavaRuntimeSupport+0x3866]  JRSUIControlDraw+0x3d
C  [libosxui.dylib+0x2638]  doPaintImage+0x15e
C  [libosxui.dylib+0x27ac]  Java_apple_laf_JRSUIControl_paintImage+0x27
j  apple.laf.JRSUIControl.paintImage([IIIJJJDDDD)I+0
j  apple.laf.JRSUIControl.paintImage([IIIDDDD)I+33
j  apple.laf.JRSUIControl.paint([IIIDDDD)V+12
j  com.apple.laf.AquaPainter$AquaSingleImagePainter.createImage(IIIILjava/awt/Rectangle;Lapple/laf/JRSUIControl;Lapple/laf/JRSUIState;)Ljava/awt/Image;+74
j  com.apple.laf.AquaPainter$AquaSingleImagePainter.lambda$paintFromSingleCachedImage$276(IILjava/awt/Rectangle;Lapple/laf/JRSUIControl;Lapple/laf/JRSUIState;Ljava/lang/Integer;Ljava/lang/Integer;)Ljava/awt/Image;+16
j  com.apple.laf.AquaPainter$AquaSingleImagePainter$$Lambda$10.apply(Ljava/lang/Object;Ljava/lang/Object;)Ljava/lang/Object;+28
j  sun.awt.image.MultiResolutionCachedImage.getResolutionVariant(II)Ljava/awt/Image;+41
j  sun.awt.image.MultiResolutionCachedImage.getBaseImage()Ljava/awt/Image;+9
j  sun.awt.image.AbstractMultiResolutionImage.getWidth(Ljava/awt/image/ImageObserver;)I+1
j  sun.awt.image.MultiResolutionCachedImage.getWidth(Ljava/awt/image/ImageObserver;)I+8
j  sun.java2d.SunGraphics2D.drawImage(Ljava/awt/Image;IIIILjava/awt/Color;Ljava/awt/image/ImageObserver;)Z+20
j  sun.java2d.SunGraphics2D.drawImage(Ljava/awt/Image;IIIILjava/awt/image/ImageObserver;)Z+11
j  com.apple.laf.AquaPainter$AquaSingleImagePainter.paintFromSingleCachedImage(Ljava/awt/Graphics2D;Lapple/laf/JRSUIControl;Lapple/laf/JRSUIState;Ljava/awt/Rectangle;)V+169
j  com.apple.laf.AquaPainter$AquaSingleImagePainter.paint(Ljava/awt/Graphics2D;Lapple/laf/JRSUIState;)V+10
j  com.apple.laf.AquaPainter.paint(Ljava/awt/Graphics;Ljava/awt/Component;IIII)V+40
j  com.apple.laf.AquaButtonBorder.doButtonPaint(Ljavax/swing/AbstractButton;Ljavax/swing/ButtonModel;Ljava/awt/Graphics;IIII)V+14
j  com.apple.laf.AquaButtonBorder$Dynamic.doButtonPaint(Ljavax/swing/AbstractButton;Ljavax/swing/ButtonModel;Ljava/awt/Graphics;IIII)V+101
j  com.apple.laf.AquaButtonBorder.paintButton(Ljava/awt/Component;Ljava/awt/Graphics;IIII)V+159
j  com.apple.laf.AquaButtonUI.paint(Ljava/awt/Graphics;Ljavax/swing/JComponent;)V+149
j  javax.swing.plaf.ComponentUI.update(Ljava/awt/Graphics;Ljavax/swing/JComponent;)V+32
j  javax.swing.JComponent.paintComponent(Ljava/awt/Graphics;)V+26
j  javax.swing.JComponent.paint(Ljava/awt/Graphics;)V+286
j  javax.swing.JComponent.paintChildren(Ljava/awt/Graphics;)V+501
j  javax.swing.JComponent.paint(Ljava/awt/Graphics;)V+318
j  javax.swing.JComponent.paintChildren(Ljava/awt/Graphics;)V+501
j  javax.swing.JComponent.paint(Ljava/awt/Graphics;)V+318
j  javax.swing.JComponent.paintChildren(Ljava/awt/Graphics;)V+501
j  javax.swing.JComponent.paint(Ljava/awt/Graphics;)V+318
j  javax.swing.JComponent.paintToOffscreen(Ljava/awt/Graphics;IIIIII)V+41
j  javax.swing.RepaintManager$PaintManager.paintDoubleBuffered(Ljavax/swing/JComponent;Ljava/awt/Image;Ljava/awt/Graphics;IIII)V+163
j  javax.swing.RepaintManager$PaintManager.paint(Ljavax/swing/JComponent;Ljavax/swing/JComponent;Ljava/awt/Graphics;IIII)Z+116
j  javax.swing.RepaintManager.paint(Ljavax/swing/JComponent;Ljavax/swing/JComponent;Ljava/awt/Graphics;IIII)V+51
j  javax.swing.JComponent._paintImmediately(IIII)V+683
j  javax.swing.JComponent.paintImmediately(IIII)V+138
j  javax.swing.RepaintManager$4.run()Ljava/lang/Void;+81
j  javax.swing.RepaintManager$4.run()Ljava/lang/Object;+1
v  ~StubRoutines::call_stub
V  [libjvm.dylib+0x2e032a]
V  [libjvm.dylib+0x338818]
J 732  java.security.AccessController.doPrivileged(Ljava/security/PrivilegedAction;Ljava/security/AccessControlContext;)Ljava/lang/Object; (0 bytes) @ 0x0000000101d887d5 [0x0000000101d88700+0xd5]
J 737 C1 java.security.ProtectionDomain$1.doIntersectionPrivilege(Ljava/security/PrivilegedAction;Ljava/security/AccessControlContext;Ljava/security/AccessControlContext;)Ljava/lang/Object; (32 bytes) @ 0x0000000101d8a684 [0x0000000101d8a380+0x304]
j  javax.swing.RepaintManager.paintDirtyRegions(Ljava/util/Map;)V+154
j  javax.swing.RepaintManager.paintDirtyRegions()V+46
j  javax.swing.RepaintManager.prePaintDirtyRegions()V+73
j  javax.swing.RepaintManager.access$1300(Ljavax/swing/RepaintManager;)V+1
j  javax.swing.RepaintManager$ProcessingRunnable.run()V+37
J 1517 C1 java.awt.event.InvocationEvent.dispatch()V (69 bytes) @ 0x0000000101e4c414 [0x0000000101e4c200+0x214]
J 953 C1 java.awt.EventQueue.dispatchEventImpl(Ljava/awt/AWTEvent;Ljava/lang/Object;)V (149 bytes) @ 0x0000000101e12b74 [0x0000000101e10fc0+0x1bb4]
J 862 C1 java.awt.EventQueue$3.run()Ljava/lang/Void; (60 bytes) @ 0x0000000101dcdfd4 [0x0000000101dcddc0+0x214]
J 861 C1 java.awt.EventQueue$3.run()Ljava/lang/Object; (5 bytes) @ 0x0000000101dcda4c [0x0000000101dcd9c0+0x8c]
v  ~StubRoutines::call_stub
V  [libjvm.dylib+0x2e032a]
V  [libjvm.dylib+0x338818]
J 732  java.security.AccessController.doPrivileged(Ljava/security/PrivilegedAction;Ljava/security/AccessControlContext;)Ljava/lang/Object; (0 bytes) @ 0x0000000101d887d5 [0x0000000101d88700+0xd5]
J 808 C1 java.awt.EventQueue.dispatchEvent(Ljava/awt/AWTEvent;)V (80 bytes) @ 0x0000000101db2fe4 [0x0000000101db2720+0x8c4]
j  java.awt.EventDispatchThread.pumpOneEventForFilters(I)V+245
j  java.awt.EventDispatchThread.pumpEventsForFilter(ILjava/awt/Conditional;Ljava/awt/EventFilter;)V+35
j  java.awt.EventDispatchThread.pumpEventsForHierarchy(ILjava/awt/Conditional;Ljava/awt/Component;)V+11
j  java.awt.EventDispatchThread.pumpEvents(ILjava/awt/Conditional;)V+4
j  java.awt.EventDispatchThread.pumpEvents(Ljava/awt/Conditional;)V+3
j  java.awt.EventDispatchThread.run()V+9
v  ~StubRoutines::call_stub
V  [libjvm.dylib+0x2e032a]
V  [libjvm.dylib+0x2e0ab8]
V  [libjvm.dylib+0x2e0c64]
V  [libjvm.dylib+0x3331a5]
V  [libjvm.dylib+0x549acf]
V  [libjvm.dylib+0x54b1c0]
V  [libjvm.dylib+0x46ea7e]
C  [libsystem_pthread.dylib+0x405a]  _pthread_body+0x83
C  [libsystem_pthread.dylib+0x3fd7]  _pthread_body+0x0
C  [libsystem_pthread.dylib+0x13ed]  thread_start+0xd
C  0x0000000000000000

Java frames: (J=compiled Java code, j=interpreted, Vv=VM code)
j  apple.laf.JRSUIControl.paintImage([IIIJJJDDDD)I+0
j  apple.laf.JRSUIControl.paintImage([IIIDDDD)I+33
j  apple.laf.JRSUIControl.paint([IIIDDDD)V+12
j  com.apple.laf.AquaPainter$AquaSingleImagePainter.createImage(IIIILjava/awt/Rectangle;Lapple/laf/JRSUIControl;Lapple/laf/JRSUIState;)Ljava/awt/Image;+74
j  com.apple.laf.AquaPainter$AquaSingleImagePainter.lambda$paintFromSingleCachedImage$276(IILjava/awt/Rectangle;Lapple/laf/JRSUIControl;Lapple/laf/JRSUIState;Ljava/lang/Integer;Ljava/lang/Integer;)Ljava/awt/Image;+16
j  com.apple.laf.AquaPainter$AquaSingleImagePainter$$Lambda$10.apply(Ljava/lang/Object;Ljava/lang/Object;)Ljava/lang/Object;+28
j  sun.awt.image.MultiResolutionCachedImage.getResolutionVariant(II)Ljava/awt/Image;+41
j  sun.awt.image.MultiResolutionCachedImage.getBaseImage()Ljava/awt/Image;+9
j  sun.awt.image.AbstractMultiResolutionImage.getWidth(Ljava/awt/image/ImageObserver;)I+1
j  sun.awt.image.MultiResolutionCachedImage.getWidth(Ljava/awt/image/ImageObserver;)I+8
j  sun.java2d.SunGraphics2D.drawImage(Ljava/awt/Image;IIIILjava/awt/Color;Ljava/awt/image/ImageObserver;)Z+20
j  sun.java2d.SunGraphics2D.drawImage(Ljava/awt/Image;IIIILjava/awt/image/ImageObserver;)Z+11
j  com.apple.laf.AquaPainter$AquaSingleImagePainter.paintFromSingleCachedImage(Ljava/awt/Graphics2D;Lapple/laf/JRSUIControl;Lapple/laf/JRSUIState;Ljava/awt/Rectangle;)V+169
j  com.apple.laf.AquaPainter$AquaSingleImagePainter.paint(Ljava/awt/Graphics2D;Lapple/laf/JRSUIState;)V+10
j  com.apple.laf.AquaPainter.paint(Ljava/awt/Graphics;Ljava/awt/Component;IIII)V+40
j  com.apple.laf.AquaButtonBorder.doButtonPaint(Ljavax/swing/AbstractButton;Ljavax/swing/ButtonModel;Ljava/awt/Graphics;IIII)V+14
j  com.apple.laf.AquaButtonBorder$Dynamic.doButtonPaint(Ljavax/swing/AbstractButton;Ljavax/swing/ButtonModel;Ljava/awt/Graphics;IIII)V+101
j  com.apple.laf.AquaButtonBorder.paintButton(Ljava/awt/Component;Ljava/awt/Graphics;IIII)V+159
j  com.apple.laf.AquaButtonUI.paint(Ljava/awt/Graphics;Ljavax/swing/JComponent;)V+149
j  javax.swing.plaf.ComponentUI.update(Ljava/awt/Graphics;Ljavax/swing/JComponent;)V+32
j  javax.swing.JComponent.paintComponent(Ljava/awt/Graphics;)V+26
j  javax.swing.JComponent.paint(Ljava/awt/Graphics;)V+286
j  javax.swing.JComponent.paintChildren(Ljava/awt/Graphics;)V+501
j  javax.swing.JComponent.paint(Ljava/awt/Graphics;)V+318
j  javax.swing.JComponent.paintChildren(Ljava/awt/Graphics;)V+501
j  javax.swing.JComponent.paint(Ljava/awt/Graphics;)V+318
j  javax.swing.JComponent.paintChildren(Ljava/awt/Graphics;)V+501
j  javax.swing.JComponent.paint(Ljava/awt/Graphics;)V+318
j  javax.swing.JComponent.paintToOffscreen(Ljava/awt/Graphics;IIIIII)V+41
j  javax.swing.RepaintManager$PaintManager.paintDoubleBuffered(Ljavax/swing/JComponent;Ljava/awt/Image;Ljava/awt/Graphics;IIII)V+163
j  javax.swing.RepaintManager$PaintManager.paint(Ljavax/swing/JComponent;Ljavax/swing/JComponent;Ljava/awt/Graphics;IIII)Z+116
j  javax.swing.RepaintManager.paint(Ljavax/swing/JComponent;Ljavax/swing/JComponent;Ljava/awt/Graphics;IIII)V+51
j  javax.swing.JComponent._paintImmediately(IIII)V+683
j  javax.swing.JComponent.paintImmediately(IIII)V+138
j  javax.swing.RepaintManager$4.run()Ljava/lang/Void;+81
j  javax.swing.RepaintManager$4.run()Ljava/lang/Object;+1
v  ~StubRoutines::call_stub
J 732  java.security.AccessController.doPrivileged(Ljava/security/PrivilegedAction;Ljava/security/AccessControlContext;)Ljava/lang/Object; (0 bytes) @ 0x0000000101d88763 [0x0000000101d88700+0x63]
J 737 C1 java.security.ProtectionDomain$1.doIntersectionPrivilege(Ljava/security/PrivilegedAction;Ljava/security/AccessControlContext;Ljava/security/AccessControlContext;)Ljava/lang/Object; (32 bytes) @ 0x0000000101d8a684 [0x0000000101d8a380+0x304]
j  javax.swing.RepaintManager.paintDirtyRegions(Ljava/util/Map;)V+154
j  javax.swing.RepaintManager.paintDirtyRegions()V+46
j  javax.swing.RepaintManager.prePaintDirtyRegions()V+73
j  javax.swing.RepaintManager.access$1300(Ljavax/swing/RepaintManager;)V+1
j  javax.swing.RepaintManager$ProcessingRunnable.run()V+37
J 1517 C1 java.awt.event.InvocationEvent.dispatch()V (69 bytes) @ 0x0000000101e4c414 [0x0000000101e4c200+0x214]
J 953 C1 java.awt.EventQueue.dispatchEventImpl(Ljava/awt/AWTEvent;Ljava/lang/Object;)V (149 bytes) @ 0x0000000101e12b74 [0x0000000101e10fc0+0x1bb4]
J 862 C1 java.awt.EventQueue$3.run()Ljava/lang/Void; (60 bytes) @ 0x0000000101dcdfd4 [0x0000000101dcddc0+0x214]
J 861 C1 java.awt.EventQueue$3.run()Ljava/lang/Object; (5 bytes) @ 0x0000000101dcda4c [0x0000000101dcd9c0+0x8c]
v  ~StubRoutines::call_stub
J 732  java.security.AccessController.doPrivileged(Ljava/security/PrivilegedAction;Ljava/security/AccessControlContext;)Ljava/lang/Object; (0 bytes) @ 0x0000000101d88763 [0x0000000101d88700+0x63]
J 808 C1 java.awt.EventQueue.dispatchEvent(Ljava/awt/AWTEvent;)V (80 bytes) @ 0x0000000101db2fe4 [0x0000000101db2720+0x8c4]
j  java.awt.EventDispatchThread.pumpOneEventForFilters(I)V+245
j  java.awt.EventDispatchThread.pumpEventsForFilter(ILjava/awt/Conditional;Ljava/awt/EventFilter;)V+35
j  java.awt.EventDispatchThread.pumpEventsForHierarchy(ILjava/awt/Conditional;Ljava/awt/Component;)V+11
j  java.awt.EventDispatchThread.pumpEvents(ILjava/awt/Conditional;)V+4
j  java.awt.EventDispatchThread.pumpEvents(Ljava/awt/Conditional;)V+3
j  java.awt.EventDispatchThread.run()V+9
v  ~StubRoutines::call_stub

---------------  P R O C E S S  ---------------

Java Threads: ( => current thread )
  0x00007fc4bacbe000 JavaThread "TimerQueue" daemon [_thread_blocked, id=68103, stack(0x000000012c46c000,0x000000012c56c000)]
  0x00007fc4bb192800 JavaThread "zSelector" [_thread_blocked, id=67623, stack(0x000000012c369000,0x000000012c469000)]
  0x00007fc4ba819800 JavaThread "DestroyJavaVM" [_thread_blocked, id=3331, stack(0x0000000101974000,0x0000000101a74000)]
  0x00007fc4bb315000 JavaThread "Image Fetcher 0" daemon [_thread_blocked, id=66087, stack(0x000000012b365000,0x000000012b465000)]
=>0x00007fc4baaab800 JavaThread "AWT-EventQueue-0" [_thread_in_native, id=54023, stack(0x0000000124a9c000,0x0000000124b9c000)]
  0x00007fc4baa23000 JavaThread "Java2D Disposer" daemon [_thread_blocked, id=53003, stack(0x0000000123bd4000,0x0000000123cd4000)]
  0x00007fc4ba8f4000 JavaThread "Java2D Queue Flusher" daemon [_thread_blocked, id=50183, stack(0x00000001232a4000,0x00000001233a4000)]
  0x00007fc4ba8e8000 JavaThread "AWT-Shutdown" [_thread_blocked, id=28947, stack(0x0000000120960000,0x0000000120a60000)]
  0x00007fc4bb128000 JavaThread "AppKit Thread" daemon [_thread_in_native, id=1299, stack(0x00007fff5eaf5000,0x00007fff5f2f5000)]
  0x00007fc4bb905800 JavaThread "Monitor Ctrl-Break" daemon [_thread_in_native, id=19203, stack(0x000000011ed03000,0x000000011ee03000)]
  0x00007fc4bc046800 JavaThread "Service Thread" daemon [_thread_blocked, id=18179, stack(0x000000011e7f1000,0x000000011e8f1000)]
  0x00007fc4bb840800 JavaThread "C1 CompilerThread2" daemon [_thread_blocked, id=17667, stack(0x000000011e6ee000,0x000000011e7ee000)]
  0x00007fc4bc043800 JavaThread "C2 CompilerThread1" daemon [_thread_blocked, id=17155, stack(0x000000011e5eb000,0x000000011e6eb000)]
  0x00007fc4ba83e000 JavaThread "C2 CompilerThread0" daemon [_thread_blocked, id=16643, stack(0x000000011e4e8000,0x000000011e5e8000)]
  0x00007fc4bb001000 JavaThread "Signal Dispatcher" daemon [_thread_blocked, id=13327, stack(0x000000011e3e5000,0x000000011e4e5000)]
  0x00007fc4ba82a800 JavaThread "Finalizer" daemon [_thread_blocked, id=11011, stack(0x000000011c9b5000,0x000000011cab5000)]
  0x00007fc4ba82a000 JavaThread "Reference Handler" daemon [_thread_blocked, id=10499, stack(0x000000011c8b2000,0x000000011c9b2000)]

Other Threads:
  0x00007fc4bb83f800 VMThread [stack: 0x000000011c7af000,0x000000011c8af000] [id=9987]
  0x00007fc4bb841800 WatcherThread [stack: 0x000000011e8f4000,0x000000011e9f4000] [id=18691]

VM state:not at safepoint (normal execution)

VM Mutex/Monitor currently owned by a thread: None

Heap:
 PSYoungGen      total 121856K, used 51937K [0x000000076cb00000, 0x0000000777980000, 0x00000007c0000000)
  eden space 83456K, 62% used [0x000000076cb00000,0x000000076fdb8758,0x0000000771c80000)
  from space 38400K, 0% used [0x0000000771c80000,0x0000000771c80000,0x0000000774200000)
  to   space 40448K, 0% used [0x0000000775200000,0x0000000775200000,0x0000000777980000)
 ParOldGen       total 169472K, used 107323K [0x00000006c6000000, 0x00000006d0580000, 0x000000076cb00000)
  object space 169472K, 63% used [0x00000006c6000000,0x00000006cc8ced70,0x00000006d0580000)
 Metaspace       used 27295K, capacity 27502K, committed 27776K, reserved 1073152K
  class space    used 3277K, capacity 3335K, committed 3456K, reserved 1048576K

Card table byte_map: [0x0000000111800000,0x0000000111fd1000] byte_map_base: 0x000000010e1d0000

Marking Bits: (ParMarkBitMap*) 0x00000001012cc7a0
 Begin Bits: [0x0000000112810000, 0x0000000116690000)
 End Bits:   [0x0000000116690000, 0x000000011a510000)

Polling page: 0x0000000101ab9000

CodeCache: size=245760Kb used=4854Kb max_used=4854Kb free=240905Kb
 bounds [0x0000000101acc000, 0x0000000101f9c000, 0x0000000110acc000]
 total_blobs=2015 nmethods=1394 adapters=534
 compilation: enabled

Compilation events (10 events):
Event: 11.520 Thread 0x00007fc4bb840800 nmethod 1627 0x0000000101e93dd0 code [0x0000000101e93f40, 0x0000000101e941b0]
Event: 11.520 Thread 0x00007fc4bb840800 1630       1       sun.java2d.pipe.Region::getLoY (5 bytes)
Event: 11.521 Thread 0x00007fc4bb840800 nmethod 1630 0x0000000101e93b10 code [0x0000000101e93c60, 0x0000000101e93d70]
Event: 11.522 Thread 0x00007fc4bb840800 1631       3       sun.java2d.pipe.BufferedContext::validate (518 bytes)
Event: 11.528 Thread 0x00007fc4bb840800 nmethod 1631 0x0000000101d0a590 code [0x0000000101d0a940, 0x0000000101d0da38]
Event: 11.528 Thread 0x00007fc4bb840800 1633       3       sun.awt.AppContext::getSoftReferenceValue (59 bytes)
Event: 11.529 Thread 0x00007fc4bb840800 nmethod 1633 0x0000000101d09710 code [0x0000000101d09900, 0x0000000101d0a218]
Event: 11.529 Thread 0x00007fc4bb840800 1634       3       sun.java2d.pipe.Region::clipScale (41 bytes)
Event: 11.529 Thread 0x00007fc4bb840800 nmethod 1634 0x0000000101d09210 code [0x0000000101d093c0, 0x0000000101d09688]
Event: 11.529 Thread 0x00007fc4bb840800 1632       3       javax.swing.UIDefaults$TextAndMnemonicHashMap::get (358 bytes)

GC Heap History (10 events):
Event: 6.492 GC heap before
{Heap before GC invocations=10 (full 2):
 PSYoungGen      total 77824K, used 70213K [0x000000076cb00000, 0x0000000774a00000, 0x00000007c0000000)
  eden space 51200K, 100% used [0x000000076cb00000,0x000000076fd00000,0x000000076fd00000)
  from space 26624K, 71% used [0x000000076fd00000,0x0000000770f91708,0x0000000771700000)
  to   space 28672K, 0% used [0x0000000772e00000,0x0000000772e00000,0x0000000774a00000)
 ParOldGen       total 138752K, used 80812K [0x00000006c6000000, 0x00000006ce780000, 0x000000076cb00000)
  object space 138752K, 58% used [0x00000006c6000000,0x00000006caeeb0a8,0x00000006ce780000)
 Metaspace       used 13554K, capacity 13724K, committed 13952K, reserved 1060864K
  class space    used 1528K, capacity 1604K, committed 1664K, reserved 1048576K
Event: 6.518 GC heap after
Heap after GC invocations=10 (full 2):
 PSYoungGen      total 98304K, used 23596K [0x000000076cb00000, 0x0000000774f80000, 0x00000007c0000000)
  eden space 69632K, 0% used [0x000000076cb00000,0x000000076cb00000,0x0000000770f00000)
  from space 28672K, 82% used [0x0000000772e00000,0x000000077450b358,0x0000000774a00000)
  to   space 31744K, 0% used [0x0000000770f00000,0x0000000770f00000,0x0000000772e00000)
 ParOldGen       total 138752K, used 80820K [0x00000006c6000000, 0x00000006ce780000, 0x000000076cb00000)
  object space 138752K, 58% used [0x00000006c6000000,0x00000006caeed0a8,0x00000006ce780000)
 Metaspace       used 13554K, capacity 13724K, committed 13952K, reserved 1060864K
  class space    used 1528K, capacity 1604K, committed 1664K, reserved 1048576K
}
Event: 7.012 GC heap before
{Heap before GC invocations=11 (full 2):
 PSYoungGen      total 98304K, used 93228K [0x000000076cb00000, 0x0000000774f80000, 0x00000007c0000000)
  eden space 69632K, 100% used [0x000000076cb00000,0x0000000770f00000,0x0000000770f00000)
  from space 28672K, 82% used [0x0000000772e00000,0x000000077450b358,0x0000000774a00000)
  to   space 31744K, 0% used [0x0000000770f00000,0x0000000770f00000,0x0000000772e00000)
 ParOldGen       total 138752K, used 80820K [0x00000006c6000000, 0x00000006ce780000, 0x000000076cb00000)
  object space 138752K, 58% used [0x00000006c6000000,0x00000006caeed0a8,0x00000006ce780000)
 Metaspace       used 13566K, capacity 13788K, committed 13952K, reserved 1060864K
  class space    used 1528K, capacity 1604K, committed 1664K, reserved 1048576K
Event: 7.049 GC heap after
Heap after GC invocations=11 (full 2):
 PSYoungGen      total 101376K, used 28989K [0x000000076cb00000, 0x0000000776600000, 0x00000007c0000000)
  eden space 69632K, 0% used [0x000000076cb00000,0x000000076cb00000,0x0000000770f00000)
  from space 31744K, 91% used [0x0000000770f00000,0x0000000772b4f718,0x0000000772e00000)
  to   space 36352K, 0% used [0x0000000774280000,0x0000000774280000,0x0000000776600000)
 ParOldGen       total 138752K, used 80820K [0x00000006c6000000, 0x00000006ce780000, 0x000000076cb00000)
  object space 138752K, 58% used [0x00000006c6000000,0x00000006caeed0a8,0x00000006ce780000)
 Metaspace       used 13566K, capacity 13788K, committed 13952K, reserved 1060864K
  class space    used 1528K, capacity 1604K, committed 1664K, reserved 1048576K
}
Event: 8.224 GC heap before
{Heap before GC invocations=12 (full 2):
 PSYoungGen      total 101376K, used 98621K [0x000000076cb00000, 0x0000000776600000, 0x00000007c0000000)
  eden space 69632K, 100% used [0x000000076cb00000,0x0000000770f00000,0x0000000770f00000)
  from space 31744K, 91% used [0x0000000770f00000,0x0000000772b4f718,0x0000000772e00000)
  to   space 36352K, 0% used [0x0000000774280000,0x0000000774280000,0x0000000776600000)
 ParOldGen       total 138752K, used 80820K [0x00000006c6000000, 0x00000006ce780000, 0x000000076cb00000)
  object space 138752K, 58% used [0x00000006c6000000,0x00000006caeed0a8,0x00000006ce780000)
 Metaspace       used 17455K, capacity 17692K, committed 18048K, reserved 1064960K
  class space    used 1970K, capacity 2052K, committed 2176K, reserved 1048576K
Event: 8.255 GC heap after
Heap after GC invocations=12 (full 2):
 PSYoungGen      total 119808K, used 26735K [0x000000076cb00000, 0x0000000776780000, 0x00000007c0000000)
  eden space 83456K, 0% used [0x000000076cb00000,0x000000076cb00000,0x0000000771c80000)
  from space 36352K, 73% used [0x0000000774280000,0x0000000775c9bc50,0x0000000776600000)
  to   space 38400K, 0% used [0x0000000771c80000,0x0000000771c80000,0x0000000774200000)
 ParOldGen       total 138752K, used 80828K [0x00000006c6000000, 0x00000006ce780000, 0x000000076cb00000)
  object space 138752K, 58% used [0x00000006c6000000,0x00000006caeef0a8,0x00000006ce780000)
 Metaspace       used 17455K, capacity 17692K, committed 18048K, reserved 1064960K
  class space    used 1970K, capacity 2052K, committed 2176K, reserved 1048576K
}
Event: 9.279 GC heap before
{Heap before GC invocations=13 (full 2):
 PSYoungGen      total 119808K, used 59723K [0x000000076cb00000, 0x0000000776780000, 0x00000007c0000000)
  eden space 83456K, 39% used [0x000000076cb00000,0x000000076eb37080,0x0000000771c80000)
  from space 36352K, 73% used [0x0000000774280000,0x0000000775c9bc50,0x0000000776600000)
  to   space 38400K, 0% used [0x0000000771c80000,0x0000000771c80000,0x0000000774200000)
 ParOldGen       total 138752K, used 80828K [0x00000006c6000000, 0x00000006ce780000, 0x000000076cb00000)
  object space 138752K, 58% used [0x00000006c6000000,0x00000006caeef0a8,0x00000006ce780000)
 Metaspace       used 20880K, capacity 21052K, committed 21248K, reserved 1069056K
  class space    used 2394K, capacity 2468K, committed 2560K, reserved 1048576K
Event: 9.302 GC heap after
Heap after GC invocations=13 (full 2):
 PSYoungGen      total 121856K, used 26904K [0x000000076cb00000, 0x0000000777980000, 0x00000007c0000000)
  eden space 83456K, 0% used [0x000000076cb00000,0x000000076cb00000,0x0000000771c80000)
  from space 38400K, 70% used [0x0000000771c80000,0x00000007736c6050,0x0000000774200000)
  to   space 40448K, 0% used [0x0000000775200000,0x0000000775200000,0x0000000777980000)
 ParOldGen       total 138752K, used 80836K [0x00000006c6000000, 0x00000006ce780000, 0x000000076cb00000)
  object space 138752K, 58% used [0x00000006c6000000,0x00000006caef10a8,0x00000006ce780000)
 Metaspace       used 20880K, capacity 21052K, committed 21248K, reserved 1069056K
  class space    used 2394K, capacity 2468K, committed 2560K, reserved 1048576K
}
Event: 9.302 GC heap before
{Heap before GC invocations=14 (full 3):
 PSYoungGen      total 121856K, used 26904K [0x000000076cb00000, 0x0000000777980000, 0x00000007c0000000)
  eden space 83456K, 0% used [0x000000076cb00000,0x000000076cb00000,0x0000000771c80000)
  from space 38400K, 70% used [0x0000000771c80000,0x00000007736c6050,0x0000000774200000)
  to   space 40448K, 0% used [0x0000000775200000,0x0000000775200000,0x0000000777980000)
 ParOldGen       total 138752K, used 80836K [0x00000006c6000000, 0x00000006ce780000, 0x000000076cb00000)
  object space 138752K, 58% used [0x00000006c6000000,0x00000006caef10a8,0x00000006ce780000)
 Metaspace       used 20880K, capacity 21052K, committed 21248K, reserved 1069056K
  class space    used 2394K, capacity 2468K, committed 2560K, reserved 1048576K
Event: 9.440 GC heap after
Heap after GC invocations=14 (full 3):
 PSYoungGen      total 121856K, used 0K [0x000000076cb00000, 0x0000000777980000, 0x00000007c0000000)
  eden space 83456K, 0% used [0x000000076cb00000,0x000000076cb00000,0x0000000771c80000)
  from space 38400K, 0% used [0x0000000771c80000,0x0000000771c80000,0x0000000774200000)
  to   space 40448K, 0% used [0x0000000775200000,0x0000000775200000,0x0000000777980000)
 ParOldGen       total 169472K, used 107323K [0x00000006c6000000, 0x00000006d0580000, 0x000000076cb00000)
  object space 169472K, 63% used [0x00000006c6000000,0x00000006cc8ced70,0x00000006d0580000)
 Metaspace       used 20880K, capacity 21052K, committed 21248K, reserved 1069056K
  class space    used 2394K, capacity 2468K, committed 2560K, reserved 1048576K
}

Deoptimization events (10 events):
Event: 10.126 Thread 0x00007fc4ba819800 Uncommon trap: reason=class_check action=maybe_recompile pc=0x0000000101e83f48 method=java.util.regex.Matcher.search(I)Z @ 86
Event: 10.127 Thread 0x00007fc4ba819800 Uncommon trap: reason=predicate action=maybe_recompile pc=0x0000000101e595f8 method=java.util.regex.Pattern$Start.match(Ljava/util/regex/Matcher;ILjava/lang/CharSequence;)Z @ 37
Event: 10.275 Thread 0x00007fc4ba819800 Uncommon trap: reason=unstable_if action=reinterpret pc=0x0000000101e70654 method=java.util.concurrent.ConcurrentHashMap.putVal(Ljava/lang/Object;Ljava/lang/Object;Z)Ljava/lang/Object; @ 181
Event: 10.600 Thread 0x00007fc4ba819800 Uncommon trap: reason=class_check action=maybe_recompile pc=0x0000000101c9c218 method=java.lang.String.equals(Ljava/lang/Object;)Z @ 8
Event: 10.600 Thread 0x00007fc4ba819800 Uncommon trap: reason=class_check action=maybe_recompile pc=0x0000000101c9c218 method=java.lang.String.equals(Ljava/lang/Object;)Z @ 8
Event: 10.601 Thread 0x00007fc4ba819800 Uncommon trap: reason=class_check action=maybe_recompile pc=0x0000000101c9c218 method=java.lang.String.equals(Ljava/lang/Object;)Z @ 8
Event: 10.601 Thread 0x00007fc4ba819800 Uncommon trap: reason=class_check action=maybe_recompile pc=0x0000000101c9c218 method=java.lang.String.equals(Ljava/lang/Object;)Z @ 8
Event: 10.641 Thread 0x00007fc4bb315000 Uncommon trap: reason=class_check action=maybe_recompile pc=0x0000000101e84c94 method=java.lang.AbstractStringBuilder.append(Ljava/lang/CharSequence;)Ljava/lang/AbstractStringBuilder; @ 37
Event: 10.641 Thread 0x00007fc4bb315000 Uncommon trap: reason=unstable_if action=reinterpret pc=0x0000000101e85e8c method=sun.util.calendar.ZoneInfo.getOffsets(J[II)I @ 4
Event: 10.955 Thread 0x00007fc4baaab800 Uncommon trap: reason=unstable_if action=reinterpret pc=0x0000000101e96c30 method=java.awt.EventQueue.removeSourceEvents(Ljava/lang/Object;Z)V @ 51

Internal exceptions (10 events):
Event: 10.127 Thread 0x00007fc4ba819800 Exception <a 'java/lang/ClassCastException': weka.core.converters.DatabaseLoader cannot be cast to weka.core.converters.FileSourcedConverter> (0x000000076e1ad620) thrown at [/Users/java_re/workspace/8-2-build-macosx-x86_64/jdk8u45/3457/hotspot/src/share/v
Event: 10.128 Thread 0x00007fc4ba819800 Exception <a 'java/lang/ClassCastException': weka.core.converters.TextDirectoryLoader cannot be cast to weka.core.converters.FileSourcedConverter> (0x000000076e1ade58) thrown at [/Users/java_re/workspace/8-2-build-macosx-x86_64/jdk8u45/3457/hotspot/src/sh
Event: 10.138 Thread 0x00007fc4ba819800 Exception <a 'java/lang/ClassCastException': weka.core.converters.DatabaseSaver cannot be cast to weka.core.converters.FileSourcedConverter> (0x000000076e1c4858) thrown at [/Users/java_re/workspace/8-2-build-macosx-x86_64/jdk8u45/3457/hotspot/src/share/vm
Event: 10.382 Thread 0x00007fc4ba819800 Exception <a 'java/lang/ClassCastException': weka.core.converters.DatabaseLoader cannot be cast to weka.core.converters.FileSourcedConverter> (0x000000076f0a5998) thrown at [/Users/java_re/workspace/8-2-build-macosx-x86_64/jdk8u45/3457/hotspot/src/share/v
Event: 10.382 Thread 0x00007fc4ba819800 Exception <a 'java/lang/ClassCastException': weka.core.converters.TextDirectoryLoader cannot be cast to weka.core.converters.FileSourcedConverter> (0x000000076f0a60f0) thrown at [/Users/java_re/workspace/8-2-build-macosx-x86_64/jdk8u45/3457/hotspot/src/sh
Event: 10.385 Thread 0x00007fc4ba819800 Exception <a 'java/lang/ClassCastException': weka.core.converters.DatabaseLoader cannot be cast to weka.core.converters.FileSourcedConverter> (0x000000076f0bc310) thrown at [/Users/java_re/workspace/8-2-build-macosx-x86_64/jdk8u45/3457/hotspot/src/share/v
Event: 10.385 Thread 0x00007fc4ba819800 Exception <a 'java/lang/ClassCastException': weka.core.converters.TextDirectoryLoader cannot be cast to weka.core.converters.FileSourcedConverter> (0x000000076f0bcb48) thrown at [/Users/java_re/workspace/8-2-build-macosx-x86_64/jdk8u45/3457/hotspot/src/sh
Event: 10.387 Thread 0x00007fc4ba819800 Exception <a 'java/lang/ClassCastException': weka.core.converters.DatabaseSaver cannot be cast to weka.core.converters.FileSourcedConverter> (0x000000076f0d2fd8) thrown at [/Users/java_re/workspace/8-2-build-macosx-x86_64/jdk8u45/3457/hotspot/src/share/vm
Event: 10.624 Thread 0x00007fc4ba819800 Exception <a 'java/io/FileNotFoundException'> (0x000000076f710768) thrown at [/Users/java_re/workspace/8-2-build-macosx-x86_64/jdk8u45/3457/hotspot/src/share/vm/prims/jni.cpp, line 709]
Event: 10.641 Thread 0x00007fc4bb315000 Implicit null exception at 0x0000000101e85a75 to 0x0000000101e85e69

Events (10 events):
Event: 11.499 loading class sun/java2d/opengl/CGLVolatileSurfaceManager
Event: 11.499 loading class sun/awt/image/VolatileSurfaceManager
Event: 11.499 loading class sun/awt/image/VolatileSurfaceManager done
Event: 11.499 loading class sun/java2d/opengl/CGLVolatileSurfaceManager done
Event: 11.499 loading class sun/java2d/opengl/CGLSurfaceData$CGLOffScreenSurfaceData
Event: 11.500 loading class sun/java2d/opengl/CGLSurfaceData$CGLOffScreenSurfaceData done
Event: 11.518 Executing VM operation: RevokeBias
Event: 11.519 Executing VM operation: RevokeBias done
Event: 11.526 Executing VM operation: RevokeBias
Event: 11.526 Executing VM operation: RevokeBias done


Dynamic libraries:
0x000000000bc03000 	/System/Library/Frameworks/Cocoa.framework/Versions/A/Cocoa
0x000000000bc03000 	/System/Library/Frameworks/Security.framework/Versions/A/Security
0x000000000bc03000 	/System/Library/Frameworks/ApplicationServices.framework/Versions/A/ApplicationServices
0x000000000bc03000 	/usr/lib/libz.1.dylib
0x000000000bc03000 	/usr/lib/libSystem.B.dylib
0x000000000bc03000 	/usr/lib/libobjc.A.dylib
0x000000000bc03000 	/System/Library/Frameworks/CoreFoundation.framework/Versions/A/CoreFoundation
0x000000000bc03000 	/System/Library/Frameworks/Foundation.framework/Versions/C/Foundation
0x000000000bc03000 	/System/Library/Frameworks/AppKit.framework/Versions/C/AppKit
0x000000000bc03000 	/System/Library/Frameworks/CoreData.framework/Versions/A/CoreData
0x000000000bc03000 	/System/Library/PrivateFrameworks/RemoteViewServices.framework/Versions/A/RemoteViewServices
0x000000000bc03000 	/System/Library/PrivateFrameworks/UIFoundation.framework/Versions/A/UIFoundation
0x000000000bc03000 	/System/Library/Frameworks/IOSurface.framework/Versions/A/IOSurface
0x000000000bc03000 	/System/Library/Frameworks/AudioToolbox.framework/Versions/A/AudioToolbox
0x000000000bc03000 	/System/Library/Frameworks/AudioUnit.framework/Versions/A/AudioUnit
0x000000000bc03000 	/System/Library/PrivateFrameworks/DataDetectorsCore.framework/Versions/A/DataDetectorsCore
0x000000000bc03000 	/System/Library/PrivateFrameworks/DesktopServicesPriv.framework/Versions/A/DesktopServicesPriv
0x000000000bc03000 	/System/Library/Frameworks/Carbon.framework/Versions/A/Frameworks/HIToolbox.framework/Versions/A/HIToolbox
0x000000000bc03000 	/System/Library/Frameworks/QuartzCore.framework/Versions/A/QuartzCore
0x000000000bc03000 	/System/Library/Frameworks/Carbon.framework/Versions/A/Frameworks/SpeechRecognition.framework/Versions/A/SpeechRecognition
0x000000000bc03000 	/usr/lib/libauto.dylib
0x000000000bc03000 	/usr/lib/libicucore.A.dylib
0x000000000bc03000 	/usr/lib/libxml2.2.dylib
0x000000000bc03000 	/System/Library/PrivateFrameworks/CoreUI.framework/Versions/A/CoreUI
0x000000000bc03000 	/System/Library/Frameworks/CoreAudio.framework/Versions/A/CoreAudio
0x000000000bc03000 	/System/Library/Frameworks/DiskArbitration.framework/Versions/A/DiskArbitration
0x000000000bc03000 	/usr/lib/liblangid.dylib
0x000000000bc03000 	/System/Library/PrivateFrameworks/MultitouchSupport.framework/Versions/A/MultitouchSupport
0x000000000bc03000 	/System/Library/Frameworks/IOKit.framework/Versions/A/IOKit
0x000000000bc03000 	/usr/lib/libDiagnosticMessagesClient.dylib
0x000000000bc03000 	/System/Library/Frameworks/CoreServices.framework/Versions/A/CoreServices
0x000000000bc03000 	/System/Library/PrivateFrameworks/PerformanceAnalysis.framework/Versions/A/PerformanceAnalysis
0x000000000bc03000 	/System/Library/PrivateFrameworks/GenerationalStorage.framework/Versions/A/GenerationalStorage
0x000000000bc03000 	/System/Library/Frameworks/OpenGL.framework/Versions/A/OpenGL
0x000000000bc03000 	/System/Library/PrivateFrameworks/Sharing.framework/Versions/A/Sharing
0x000000000bc03000 	/System/Library/Frameworks/CoreGraphics.framework/Versions/A/CoreGraphics
0x000000000bc03000 	/System/Library/Frameworks/CoreText.framework/Versions/A/CoreText
0x000000000bc03000 	/System/Library/Frameworks/ImageIO.framework/Versions/A/ImageIO
0x000000000bc03000 	/usr/lib/libextension.dylib
0x000000000bc03000 	/System/Library/PrivateFrameworks/Backup.framework/Versions/A/Backup
0x000000000bc03000 	/usr/lib/libarchive.2.dylib
0x000000000bc03000 	/System/Library/Frameworks/CFNetwork.framework/Versions/A/CFNetwork
0x000000000bc03000 	/System/Library/Frameworks/SystemConfiguration.framework/Versions/A/SystemConfiguration
0x000000000bc03000 	/usr/lib/libCRFSuite.dylib
0x000000000bc03000 	/usr/lib/libc++.1.dylib
0x000000000bc03000 	/usr/lib/libc++abi.dylib
0x000000000bc03000 	/usr/lib/system/libcache.dylib
0x000000000bc03000 	/usr/lib/system/libcommonCrypto.dylib
0x000000000bc03000 	/usr/lib/system/libcompiler_rt.dylib
0x000000000bc03000 	/usr/lib/system/libcopyfile.dylib
0x000000000bc03000 	/usr/lib/system/libcorecrypto.dylib
0x000000000bc03000 	/usr/lib/system/libdispatch.dylib
0x000000000bc03000 	/usr/lib/system/libdyld.dylib
0x000000000bc03000 	/usr/lib/system/libkeymgr.dylib
0x000000000bc03000 	/usr/lib/system/liblaunch.dylib
0x000000000bc03000 	/usr/lib/system/libmacho.dylib
0x000000000bc03000 	/usr/lib/system/libquarantine.dylib
0x000000000bc03000 	/usr/lib/system/libremovefile.dylib
0x000000000bc03000 	/usr/lib/system/libsystem_asl.dylib
0x000000000bc03000 	/usr/lib/system/libsystem_blocks.dylib
0x000000000bc03000 	/usr/lib/system/libsystem_c.dylib
0x000000000bc03000 	/usr/lib/system/libsystem_configuration.dylib
0x000000000bc03000 	/usr/lib/system/libsystem_coreservices.dylib
0x000000000bc03000 	/usr/lib/system/libsystem_coretls.dylib
0x000000000bc03000 	/usr/lib/system/libsystem_dnssd.dylib
0x000000000bc03000 	/usr/lib/system/libsystem_info.dylib
0x000000000bc03000 	/usr/lib/system/libsystem_kernel.dylib
0x000000000bc03000 	/usr/lib/system/libsystem_m.dylib
0x000000000bc03000 	/usr/lib/system/libsystem_malloc.dylib
0x000000000bc03000 	/usr/lib/system/libsystem_network.dylib
0x000000000bc03000 	/usr/lib/system/libsystem_networkextension.dylib
0x000000000bc03000 	/usr/lib/system/libsystem_notify.dylib
0x000000000bc03000 	/usr/lib/system/libsystem_platform.dylib
0x000000000bc03000 	/usr/lib/system/libsystem_pthread.dylib
0x000000000bc03000 	/usr/lib/system/libsystem_sandbox.dylib
0x000000000bc03000 	/usr/lib/system/libsystem_secinit.dylib
0x000000000bc03000 	/usr/lib/system/libsystem_stats.dylib
0x000000000bc03000 	/usr/lib/system/libsystem_trace.dylib
0x000000000bc03000 	/usr/lib/system/libunc.dylib
0x000000000bc03000 	/usr/lib/system/libunwind.dylib
0x000000000bc03000 	/usr/lib/system/libxpc.dylib
0x000000000bc03000 	/usr/lib/libbz2.1.0.dylib
0x000000000bc03000 	/usr/lib/liblzma.5.dylib
0x000000000bc03000 	/usr/lib/libbsm.0.dylib
0x000000000bc03000 	/usr/lib/libsqlite3.dylib
0x000000000bc03000 	/usr/lib/system/libkxld.dylib
0x000000000bc03000 	/usr/lib/libxar.1.dylib
0x000000000bc03000 	/usr/lib/libpam.2.dylib
0x000000000bc03000 	/usr/lib/libOpenScriptingUtil.dylib
0x000000000bc03000 	/System/Library/Frameworks/CoreServices.framework/Versions/A/Frameworks/FSEvents.framework/Versions/A/FSEvents
0x000000000bc03000 	/System/Library/Frameworks/CoreServices.framework/Versions/A/Frameworks/CarbonCore.framework/Versions/A/CarbonCore
0x000000000bc03000 	/System/Library/Frameworks/CoreServices.framework/Versions/A/Frameworks/Metadata.framework/Versions/A/Metadata
0x000000000bc03000 	/System/Library/Frameworks/CoreServices.framework/Versions/A/Frameworks/OSServices.framework/Versions/A/OSServices
0x000000000bc03000 	/System/Library/Frameworks/CoreServices.framework/Versions/A/Frameworks/SearchKit.framework/Versions/A/SearchKit
0x000000000bc03000 	/System/Library/Frameworks/CoreServices.framework/Versions/A/Frameworks/AE.framework/Versions/A/AE
0x000000000bc03000 	/System/Library/Frameworks/CoreServices.framework/Versions/A/Frameworks/LaunchServices.framework/Versions/A/LaunchServices
0x000000000bc03000 	/System/Library/Frameworks/CoreServices.framework/Versions/A/Frameworks/DictionaryServices.framework/Versions/A/DictionaryServices
0x000000000bc03000 	/System/Library/Frameworks/NetFS.framework/Versions/A/NetFS
0x000000000bc03000 	/System/Library/PrivateFrameworks/NetAuth.framework/Versions/A/NetAuth
0x000000000bc03000 	/System/Library/PrivateFrameworks/login.framework/Versions/A/Frameworks/loginsupport.framework/Versions/A/loginsupport
0x000000000bc03000 	/System/Library/PrivateFrameworks/TCC.framework/Versions/A/TCC
0x000000000bc03000 	/usr/lib/libmecabra.dylib
0x000000000bc03000 	/System/Library/Frameworks/ApplicationServices.framework/Versions/A/Frameworks/ATS.framework/Versions/A/ATS
0x000000000bc03000 	/System/Library/Frameworks/ApplicationServices.framework/Versions/A/Frameworks/ColorSync.framework/Versions/A/ColorSync
0x000000000bc03000 	/System/Library/Frameworks/ApplicationServices.framework/Versions/A/Frameworks/HIServices.framework/Versions/A/HIServices
0x000000000bc03000 	/System/Library/Frameworks/ApplicationServices.framework/Versions/A/Frameworks/LangAnalysis.framework/Versions/A/LangAnalysis
0x000000000bc03000 	/System/Library/Frameworks/ApplicationServices.framework/Versions/A/Frameworks/PrintCore.framework/Versions/A/PrintCore
0x000000000bc03000 	/System/Library/Frameworks/ApplicationServices.framework/Versions/A/Frameworks/QD.framework/Versions/A/QD
0x000000000bc03000 	/System/Library/Frameworks/ApplicationServices.framework/Versions/A/Frameworks/SpeechSynthesis.framework/Versions/A/SpeechSynthesis
0x000000000bc03000 	/System/Library/Frameworks/Accelerate.framework/Versions/A/Accelerate
0x000000000bc03000 	/System/Library/Frameworks/Accelerate.framework/Versions/A/Frameworks/vImage.framework/Versions/A/vImage
0x000000000bc03000 	/System/Library/Frameworks/Accelerate.framework/Versions/A/Frameworks/vecLib.framework/Versions/A/vecLib
0x000000000bc03000 	/System/Library/Frameworks/Accelerate.framework/Versions/A/Frameworks/vecLib.framework/Versions/A/libvDSP.dylib
0x000000000bc03000 	/System/Library/Frameworks/Accelerate.framework/Versions/A/Frameworks/vecLib.framework/Versions/A/libvMisc.dylib
0x000000000bc03000 	/System/Library/Frameworks/Accelerate.framework/Versions/A/Frameworks/vecLib.framework/Versions/A/libLAPACK.dylib
0x000000000bc03000 	/System/Library/Frameworks/Accelerate.framework/Versions/A/Frameworks/vecLib.framework/Versions/A/libBLAS.dylib
0x000000000bc03000 	/System/Library/Frameworks/Accelerate.framework/Versions/A/Frameworks/vecLib.framework/Versions/A/libLinearAlgebra.dylib
0x000000000bc03000 	/System/Library/Frameworks/ApplicationServices.framework/Versions/A/Frameworks/ATS.framework/Versions/A/Resources/libFontParser.dylib
0x000000000bc03000 	/System/Library/Frameworks/ApplicationServices.framework/Versions/A/Frameworks/ATS.framework/Versions/A/Resources/libFontRegistry.dylib
0x000000000bc03000 	/System/Library/PrivateFrameworks/AppleVPA.framework/Versions/A/AppleVPA
0x000000000bc03000 	/System/Library/PrivateFrameworks/AppleJPEG.framework/Versions/A/AppleJPEG
0x000000000bc03000 	/System/Library/Frameworks/ImageIO.framework/Versions/A/Resources/libJPEG.dylib
0x000000000bc03000 	/System/Library/Frameworks/ImageIO.framework/Versions/A/Resources/libTIFF.dylib
0x000000000bc03000 	/System/Library/Frameworks/ImageIO.framework/Versions/A/Resources/libPng.dylib
0x000000000bc03000 	/System/Library/Frameworks/ImageIO.framework/Versions/A/Resources/libGIF.dylib
0x000000000bc03000 	/System/Library/Frameworks/ImageIO.framework/Versions/A/Resources/libJP2.dylib
0x000000000bc03000 	/System/Library/Frameworks/ImageIO.framework/Versions/A/Resources/libRadiance.dylib
0x000000000bc03000 	/System/Library/Frameworks/CoreVideo.framework/Versions/A/CoreVideo
0x000000000bc03000 	/System/Library/Frameworks/OpenGL.framework/Versions/A/Libraries/libGLU.dylib
0x000000000bc03000 	/System/Library/Frameworks/OpenGL.framework/Versions/A/Libraries/libGFXShared.dylib
0x000000000bc03000 	/System/Library/Frameworks/OpenGL.framework/Versions/A/Libraries/libGL.dylib
0x000000000bc03000 	/System/Library/Frameworks/OpenGL.framework/Versions/A/Libraries/libGLImage.dylib
0x000000000bc03000 	/System/Library/Frameworks/OpenGL.framework/Versions/A/Libraries/libCVMSPluginSupport.dylib
0x000000000bc03000 	/System/Library/Frameworks/OpenGL.framework/Versions/A/Libraries/libCoreVMClient.dylib
0x000000000bc03000 	/usr/lib/libcups.2.dylib
0x000000000bc03000 	/System/Library/Frameworks/Kerberos.framework/Versions/A/Kerberos
0x000000000bc03000 	/System/Library/Frameworks/GSS.framework/Versions/A/GSS
0x000000000bc03000 	/usr/lib/libresolv.9.dylib
0x000000000bc03000 	/usr/lib/libiconv.2.dylib
0x000000000bc03000 	/System/Library/PrivateFrameworks/Heimdal.framework/Versions/A/Heimdal
0x000000000bc03000 	/usr/lib/libheimdal-asn1.dylib
0x000000000bc03000 	/System/Library/Frameworks/OpenDirectory.framework/Versions/A/OpenDirectory
0x000000000bc03000 	/System/Library/PrivateFrameworks/CommonAuth.framework/Versions/A/CommonAuth
0x000000000bc03000 	/System/Library/Frameworks/OpenDirectory.framework/Versions/A/Frameworks/CFOpenDirectory.framework/Versions/A/CFOpenDirectory
0x000000000bc03000 	/System/Library/Frameworks/SecurityFoundation.framework/Versions/A/SecurityFoundation
0x000000000bc03000 	/System/Library/PrivateFrameworks/LanguageModeling.framework/Versions/A/LanguageModeling
0x000000000bc03000 	/usr/lib/libcmph.dylib
0x000000000bc03000 	/System/Library/Frameworks/ServiceManagement.framework/Versions/A/ServiceManagement
0x000000000bc03000 	/usr/lib/libxslt.1.dylib
0x000000000bc03000 	/System/Library/Frameworks/Carbon.framework/Versions/A/Frameworks/Ink.framework/Versions/A/Ink
0x000000000bc03000 	/System/Library/Frameworks/QuartzCore.framework/Versions/A/Frameworks/CoreImage.framework/Versions/A/CoreImage
0x000000000bc03000 	/System/Library/PrivateFrameworks/CrashReporterSupport.framework/Versions/A/CrashReporterSupport
0x000000000bc03000 	/System/Library/Frameworks/OpenCL.framework/Versions/A/OpenCL
0x000000000bc03000 	/System/Library/PrivateFrameworks/FaceCore.framework/Versions/A/FaceCore
0x000000000bc03000 	/System/Library/PrivateFrameworks/Ubiquity.framework/Versions/A/Ubiquity
0x000000000bc03000 	/System/Library/PrivateFrameworks/IconServices.framework/Versions/A/IconServices
0x000000000bc03000 	/System/Library/PrivateFrameworks/ChunkingLibrary.framework/Versions/A/ChunkingLibrary
0x000000000bc03000 	/System/Library/PrivateFrameworks/Apple80211.framework/Versions/A/Apple80211
0x000000000bc03000 	/System/Library/Frameworks/CoreWLAN.framework/Versions/A/CoreWLAN
0x000000000bc03000 	/System/Library/Frameworks/IOBluetooth.framework/Versions/A/IOBluetooth
0x000000000bc03000 	/System/Library/PrivateFrameworks/CoreWiFi.framework/Versions/A/CoreWiFi
0x000000000bc03000 	/System/Library/Frameworks/CoreBluetooth.framework/Versions/A/CoreBluetooth
0x000000000bc03000 	/System/Library/PrivateFrameworks/DebugSymbols.framework/Versions/A/DebugSymbols
0x000000000bc03000 	/System/Library/PrivateFrameworks/CoreSymbolication.framework/Versions/A/CoreSymbolication
0x000000000bc03000 	/System/Library/PrivateFrameworks/Symbolication.framework/Versions/A/Symbolication
0x000000000bc03000 	/System/Library/PrivateFrameworks/SpeechRecognitionCore.framework/Versions/A/SpeechRecognitionCore
0x0000000100a0a000 	/Library/Java/JavaVirtualMachines/jdk1.8.0_45.jdk/Contents/Home/jre/lib/server/libjvm.dylib
0x000000000bc03000 	/usr/lib/libstdc++.6.dylib
0x0000000101a76000 	/Library/Java/JavaVirtualMachines/jdk1.8.0_45.jdk/Contents/Home/jre/lib/libverify.dylib
0x0000000101a84000 	/Library/Java/JavaVirtualMachines/jdk1.8.0_45.jdk/Contents/Home/jre/lib/libjava.dylib
0x0000000101ac3000 	/Library/Java/JavaVirtualMachines/jdk1.8.0_45.jdk/Contents/Home/jre/lib/libzip.dylib
0x000000011cab7000 	/System/Library/Frameworks/JavaVM.framework/Frameworks/JavaRuntimeSupport.framework/JavaRuntimeSupport
0x000000011cad2000 	/System/Library/Frameworks/JavaVM.framework/Versions/A/Frameworks/JavaNativeFoundation.framework/Versions/A/JavaNativeFoundation
0x000000011cae7000 	/System/Library/Frameworks/JavaVM.framework/Versions/A/JavaVM
0x000000000bc03000 	/System/Library/Frameworks/Carbon.framework/Versions/A/Carbon
0x000000011caf4000 	/System/Library/PrivateFrameworks/JavaLaunching.framework/Versions/A/JavaLaunching
0x000000000bc03000 	/System/Library/Frameworks/Carbon.framework/Versions/A/Frameworks/CommonPanels.framework/Versions/A/CommonPanels
0x000000000bc03000 	/System/Library/Frameworks/Carbon.framework/Versions/A/Frameworks/Help.framework/Versions/A/Help
0x000000000bc03000 	/System/Library/Frameworks/Carbon.framework/Versions/A/Frameworks/ImageCapture.framework/Versions/A/ImageCapture
0x000000000bc03000 	/System/Library/Frameworks/Carbon.framework/Versions/A/Frameworks/OpenScripting.framework/Versions/A/OpenScripting
0x000000000bc03000 	/System/Library/Frameworks/Carbon.framework/Versions/A/Frameworks/Print.framework/Versions/A/Print
0x000000000bc03000 	/System/Library/Frameworks/Carbon.framework/Versions/A/Frameworks/SecurityHI.framework/Versions/A/SecurityHI
0x000000011ecff000 	/Applications/IntelliJ IDEA 14 CE.app/Contents/bin/libbreakgen64.jnilib
0x000000011ee05000 	/Library/Java/JavaVirtualMachines/jdk1.8.0_45.jdk/Contents/Home/jre/lib/libnet.dylib
0x000000011ee64000 	/Library/Java/JavaVirtualMachines/jdk1.8.0_45.jdk/Contents/Home/jre/lib/libawt.dylib
0x000000011ef0c000 	/Library/Java/JavaVirtualMachines/jdk1.8.0_45.jdk/Contents/Home/jre/lib/./libmlib_image.dylib
0x000000011efd8000 	/Library/Java/JavaVirtualMachines/jdk1.8.0_45.jdk/Contents/Home/jre/lib/libawt_lwawt.dylib
0x000000011f08c000 	/Library/Java/JavaVirtualMachines/jdk1.8.0_45.jdk/Contents/Home/jre/lib/./libosxapp.dylib
0x000000000bc03000 	/System/Library/Frameworks/ExceptionHandling.framework/Versions/A/ExceptionHandling
0x000000000bc03000 	/System/Library/PrivateFrameworks/CoreServicesInternal.framework/Versions/A/CoreServicesInternal
0x000000000bc03000 	/System/Library/PrivateFrameworks/CloudDocs.framework/Versions/A/CloudDocs
0x000000000bc03000 	/System/Library/PrivateFrameworks/CoreDuet.framework/Versions/A/CoreDuet
0x000000000bc03000 	/System/Library/Frameworks/CloudKit.framework/Versions/A/CloudKit
0x000000000bc03000 	/System/Library/PrivateFrameworks/ProtocolBuffer.framework/Versions/A/ProtocolBuffer
0x000000000bc03000 	/System/Library/PrivateFrameworks/CoreDuetDaemonProtocol.framework/Versions/A/CoreDuetDaemonProtocol
0x000000000bc03000 	/System/Library/PrivateFrameworks/CoreDuetDebugLogging.framework/Versions/A/CoreDuetDebugLogging
0x000000000bc03000 	/System/Library/PrivateFrameworks/MMCS.framework/Versions/A/MMCS
0x000000000bc03000 	/System/Library/Frameworks/CoreLocation.framework/Versions/A/CoreLocation
0x000000000bc03000 	/System/Library/PrivateFrameworks/ProtectedCloudStorage.framework/Versions/A/ProtectedCloudStorage
0x000000000bc03000 	/System/Library/PrivateFrameworks/GeoServices.framework/Versions/A/GeoServices
0x000000000bc03000 	/System/Library/Frameworks/CoreGraphics.framework/Versions/A/Resources/libCGCMS.A.dylib
0x000000000bc03000 	/System/Library/Frameworks/CoreGraphics.framework/Versions/A/Resources/libRIP.A.dylib
0x000000000bc03000 	/System/Library/Frameworks/CoreGraphics.framework/Versions/A/Resources/libCGXType.A.dylib
0x000000000bc03000 	/System/Library/Frameworks/OpenCL.framework/Versions/A/Libraries/libcldcpuengine.dylib
0x000000000bc03000 	/System/Library/PrivateFrameworks/DiskImages.framework/Versions/A/DiskImages
0x000000000bc03000 	/System/Library/Frameworks/DiscRecording.framework/Versions/A/DiscRecording
0x000000000bc03000 	/usr/lib/libcsfde.dylib
0x000000000bc03000 	/usr/lib/libcurl.4.dylib
0x000000000bc03000 	/System/Library/PrivateFrameworks/MediaKit.framework/Versions/A/MediaKit
0x000000000bc03000 	/usr/lib/libCoreStorage.dylib
0x000000000bc03000 	/System/Library/PrivateFrameworks/EFILogin.framework/Versions/A/EFILogin
0x000000000bc03000 	/usr/lib/libutil.dylib
0x000000000bc03000 	/System/Library/PrivateFrameworks/FindMyDevice.framework/Versions/A/FindMyDevice
0x000000000bc03000 	/System/Library/Frameworks/LDAP.framework/Versions/A/LDAP
0x000000000bc03000 	/usr/lib/libsasl2.2.dylib
0x000000000bc03000 	/System/Library/PrivateFrameworks/CoreDaemon.framework/Versions/B/CoreDaemon
0x000000000bc03000 	/usr/lib/libcrypto.0.9.8.dylib
0x000000000bc03000 	/System/Library/PrivateFrameworks/AppleSRP.framework/Versions/A/AppleSRP
0x000000000bc03000 	/System/Library/PrivateFrameworks/TrustEvaluationAgent.framework/Versions/A/TrustEvaluationAgent
0x00000001220db000 	cl_kernels
0x00000001220dd000 	/System/Library/Frameworks/OpenCL.framework/Versions/A/Libraries/ImageFormats/unorm8_bgra.dylib
0x00000001220cc000 	cl_kernels
0x000000000bc03000 	/System/Library/PrivateFrameworks/FamilyControls.framework/Versions/A/FamilyControls
0x000000000bc03000 	/System/Library/PrivateFrameworks/CommerceKit.framework/Versions/A/Frameworks/CommerceCore.framework/Versions/A/CommerceCore
0x000000000bc03000 	/System/Library/PrivateFrameworks/SystemAdministration.framework/Versions/A/SystemAdministration
0x000000000bc03000 	/System/Library/PrivateFrameworks/AppContainer.framework/Versions/A/AppContainer
0x000000000bc03000 	/System/Library/PrivateFrameworks/SecCodeWrapper.framework/Versions/A/SecCodeWrapper
0x000000000bc03000 	/System/Library/Frameworks/DirectoryService.framework/Versions/A/DirectoryService
0x000000000bc03000 	/System/Library/PrivateFrameworks/LoginUIKit.framework/Versions/A/Frameworks/LoginUICore.framework/Versions/A/LoginUICore
0x000000000bc03000 	/usr/lib/libodfde.dylib
0x000000000bc03000 	/System/Library/Frameworks/OpenGL.framework/Versions/A/Resources/GLEngine.bundle/GLEngine
0x000000000bc03000 	/System/Library/Frameworks/OpenGL.framework/Versions/A/Libraries/libGLProgrammability.dylib
0x00000001233a6000 	/System/Library/Extensions/AppleIntelHD3000GraphicsGLDriver.bundle/Contents/MacOS/AppleIntelHD3000GraphicsGLDriver
0x000000012160c000 	/System/Library/PrivateFrameworks/GPUSupport.framework/Versions/A/Libraries/libGPUSupport.dylib
0x000000000bc03000 	/System/Library/Frameworks/OpenGL.framework/Versions/A/Resources/GLRendererFloat.bundle/GLRendererFloat
0x0000000123cd6000 	/Library/Java/JavaVirtualMachines/jdk1.8.0_45.jdk/Contents/Home/jre/lib/libfontmanager.dylib
0x0000000123d64000 	/Library/Java/JavaVirtualMachines/jdk1.8.0_45.jdk/Contents/Home/jre/lib/libosxui.dylib
0x00000001255b3000 	/Library/Java/JavaVirtualMachines/jdk1.8.0_45.jdk/Contents/Home/jre/lib/libnio.dylib
0x00000001266eb000 	/Library/Java/JavaVirtualMachines/jdk1.8.0_45.jdk/Contents/Home/jre/lib/libdcpr.dylib
0x0000000124875000 	/Library/Java/JavaVirtualMachines/jdk1.8.0_45.jdk/Contents/Home/jre/lib/libmanagement.dylib

VM Arguments:
jvm_args: -Xmx4000m -Didea.launcher.port=7532 -Didea.launcher.bin.path=/Applications/IntelliJ IDEA 14 CE.app/Contents/bin -Dfile.encoding=UTF-8 
java_command: com.intellij.rt.execution.application.AppMain trainableDeepSegmentation.TestGUI
java_class_path (initial): /Library/Java/JavaVirtualMachines/jdk1.8.0_45.jdk/Contents/Home/lib/ant-javafx.jar:/Library/Java/JavaVirtualMachines/jdk1.8.0_45.jdk/Contents/Home/lib/dt.jar:/Library/Java/JavaVirtualMachines/jdk1.8.0_45.jdk/Contents/Home/lib/javafx-mx.jar:/Library/Java/JavaVirtualMachines/jdk1.8.0_45.jdk/Contents/Home/lib/jconsole.jar:/Library/Java/JavaVirtualMachines/jdk1.8.0_45.jdk/Contents/Home/lib/packager.jar:/Library/Java/JavaVirtualMachines/jdk1.8.0_45.jdk/Contents/Home/lib/sa-jdi.jar:/Library/Java/JavaVirtualMachines/jdk1.8.0_45.jdk/Contents/Home/lib/tools.jar:/Library/Java/JavaVirtualMachines/jdk1.8.0_45.jdk/Contents/Home/jre/lib/charsets.jar:/Library/Java/JavaVirtualMachines/jdk1.8.0_45.jdk/Contents/Home/jre/lib/deploy.jar:/Library/Java/JavaVirtualMachines/jdk1.8.0_45.jdk/Contents/Home/jre/lib/javaws.jar:/Library/Java/JavaVirtualMachines/jdk1.8.0_45.jdk/Contents/Home/jre/lib/jce.jar:/Library/Java/JavaVirtualMachines/jdk1.8.0_45.jdk/Contents/Home/jre/lib/jfr.jar:/Library/Java/JavaVirtualMachines/jdk1.8.0_45.jdk/Contents/Home/jre/lib/jfxswt.jar:/Library/Java/JavaVirtualMachines/jdk1.8.0_45.jdk/Contents/Home/jre/lib/jsse.jar:/Library/Java/JavaVirtualMachines/jdk1.8.0_45.jdk/Contents/Home/jre/lib/management-agent.jar:/Library/Java/JavaVirtualMachines/jdk1.8.0_45.jdk/Contents/Home/jre/lib/plugin.jar:/Library/Java/JavaVirtualMachines/jdk1.8.0_45.jdk/Contents/Home/jre/lib/resources.jar:/Library/Java/JavaVirtualMachines/jdk1.8.0_45.jdk/Contents/Home/jre/lib/rt.jar:/Library/Java/JavaVirtualMachines/jdk1.8.0_45.jdk/Contents/Home/jre/lib/ext/cldrdata.jar:/Library/Java/JavaVirtualMachines/jdk1.8.0_45.jdk/Contents/Home/jre/lib/ext/dnsns.jar:/Library/Java/JavaVirtualMachines/jdk1.8.0_45.jdk/Contents/Home/jre/lib/ext/jfxrt.jar:/Library/Java/JavaVirtualMachines/jdk1.8.0_45.jdk/Contents/Home/jre/lib/ext/localedata.jar:/Library/Java/JavaVirtualMachines/jdk1.8.0_45.jdk/Contents/Home/jre/lib/ext/nashorn.jar:/Library/Java/JavaVirtualMachines/jdk1.8.0_45.jdk/Conten
Launcher Type: SUN_STANDARD

Environment Variables:
PATH=/Users/tischi/Downloads/elastix_macosx64_v4.8/bin:/Users/tischi/anaconda/bin:/Library/Frameworks/EPD64.framework/Versions/Current/bin:/usr/local/bin:/usr/bin:/bin:/usr/sbin:/sbin:/opt/X11/bin:/usr/local/git/bin:/usr/texbin
SHELL=/bin/bash
DISPLAY=/private/tmp/com.apple.launchd.uk5sla7pbA/org.macosforge.xquartz:0
DYLD_LIBRARY_PATH=/Users/tischi/Downloads/elastix_macosx64_v4.8/lib:

Signal Handlers:
SIGSEGV: [libjvm.dylib+0x58ef95], sa_mask[0]=11111111011111110111111111111111, sa_flags=SA_ONSTACK|SA_RESTART|SA_SIGINFO
SIGBUS: [libjvm.dylib+0x58ef95], sa_mask[0]=11111111011111110111111111111111, sa_flags=SA_RESTART|SA_SIGINFO
SIGFPE: [libjvm.dylib+0x46c108], sa_mask[0]=11111111011111110111111111111111, sa_flags=SA_RESTART|SA_SIGINFO
SIGPIPE: [libjvm.dylib+0x46c108], sa_mask[0]=11111111011111110111111111111111, sa_flags=SA_RESTART|SA_SIGINFO
SIGXFSZ: [libjvm.dylib+0x46c108], sa_mask[0]=11111111011111110111111111111111, sa_flags=SA_RESTART|SA_SIGINFO
SIGILL: [libjvm.dylib+0x46c108], sa_mask[0]=11111111011111110111111111111111, sa_flags=SA_RESTART|SA_SIGINFO
SIGUSR1: SIG_DFL, sa_mask[0]=00000000000000000000000000000000, sa_flags=none
SIGUSR2: [libjvm.dylib+0x46bc26], sa_mask[0]=00100000000000000000000000000000, sa_flags=SA_RESTART|SA_SIGINFO
SIGHUP: [libjvm.dylib+0x46a1f9], sa_mask[0]=11111111011111110111111111111111, sa_flags=SA_RESTART|SA_SIGINFO
SIGINT: [libjvm.dylib+0x46a1f9], sa_mask[0]=11111111011111110111111111111111, sa_flags=SA_RESTART|SA_SIGINFO
SIGTERM: [libjvm.dylib+0x46a1f9], sa_mask[0]=11111111011111110111111111111111, sa_flags=SA_RESTART|SA_SIGINFO
SIGQUIT: [libjvm.dylib+0x46a1f9], sa_mask[0]=11111111011111110111111111111111, sa_flags=SA_RESTART|SA_SIGINFO


---------------  S Y S T E M  ---------------

OS:Bsduname:Darwin 14.5.0 Darwin Kernel Version 14.5.0: Mon Aug 29 21:14:16 PDT 2016; root:xnu-2782.50.6~1/RELEASE_X86_64 x86_64
rlimit: STACK 8192k, CORE 0k, NPROC 709, NOFILE 10240, AS infinity
load average:5.39 4.12 3.19

CPU:total 4 (2 cores per cpu, 2 threads per core) family 6 model 42 stepping 7, cmov, cx8, fxsr, mmx, sse, sse2, sse3, ssse3, sse4.1, sse4.2, popcnt, avx, aes, clmul, ht, tsc, tscinvbit

Memory: 4k page, physical 4194304k(18884k free)

/proc/meminfo:


vm_info: Java HotSpot(TM) 64-Bit Server VM (25.45-b02) for bsd-amd64 JRE (1.8.0_45-b14), built on Apr 10 2015 10:46:38 by "java_re" with gcc 4.2.1 (Based on Apple Inc. build 5658) (LLVM build 2336.11.00)

time: Fri Sep  1 16:35:16 2017
elapsed time: 11 seconds (0d 0h 0m 11s)

